Driver Info:
	Driver name      : tegra-video
	Card type        : vi-output, ar0234 10-0042
	Bus info         : platform:tegra-capture-vi:1
	Driver version   : 5.15.148
	Capabilities     : 0x84200001
		Video Capture
		Streaming
		Extended Pix Format
		Device Capabilities
	Device Caps      : 0x04200001
		Video Capture
		Streaming
		Extended Pix Format
Media Driver Info:
	Driver name      : tegra-camrtc-ca
	Model            : NVIDIA Tegra Video Input Device
	Serial           : 
	Bus info         : 
	Media version    : 5.15.148
	Hardware revision: 0x00000003 (3)
	Driver version   : 5.15.148
Interface Info:
	ID               : 0x0300001b
	Type             : V4L Video
Entity Info:
	ID               : 0x00000019 (25)
	Name             : vi-output, ar0234 10-0042
	Function         : V4L2 I/O
	Pad 0x0100001a   : 0: Sink
	  Link 0x0200001f: from remote pad 0x1000003 of entity '13e00000.host1x:nvcsi@15a00000-' (Unknown sub-device (0002000a)): Data, Enabled
Priority: 2
Video input : 0 (Camera 1: no power)
Format Video Capture:
	Width/Height      : 1280/720
	Pixel Format      : 'UYVY' (UYVY 4:2:2)
	Field             : None
	Bytes per Line    : 2560
	Size Image        : 1843200
	Colorspace        : sRGB
	Transfer Function : Default (maps to sRGB)
	YCbCr/HSV Encoding: Default (maps to ITU-R 601)
	Quantization      : Default (maps to Limited Range)
	Flags             : 
Streaming Parameters Video Capture:
	Capabilities     : timeperframe
	Frames per second: 120.000 (120/1)
	Read buffers     : 0

User Controls

                     brightness 0x00980900 (int)    : min=-15 max=15 step=1 default=0 value=0 flags=slider
                       contrast 0x00980901 (int)    : min=0 max=30 step=1 default=10 value=10 flags=slider
                     saturation 0x00980902 (int)    : min=0 max=60 step=1 default=16 value=16 flags=slider
        white_balance_automatic 0x0098090c (bool)   : default=1 value=1
                          gamma 0x00980910 (int)    : min=40 max=500 step=1 default=220 value=220 flags=slider
                           gain 0x00980913 (int)    : min=1 max=40 step=1 default=1 value=1
                horizontal_flip 0x00980914 (bool)   : default=0 value=0
                  vertical_flip 0x00980915 (bool)   : default=0 value=0
      white_balance_temperature 0x0098091a (int)    : min=10 max=10000 step=10 default=4600 value=4600
                      sharpness 0x0098091b (int)    : min=0 max=127 step=1 default=16 value=16 flags=slider

Camera Controls

                  exposure_auto 0x009a0901 (menu)   : min=0 max=2 default=0 value=0 (Full FOV Auto Mode)
				0: Full FOV Auto Mode
				1: Manual Mode
				2: ROI Based Auto Mode
         exposure_time_absolute 0x009a0902 (int)    : min=1 max=10000 step=1 default=312 value=312
                roi_window_size 0x009a0924 (int)    : min=8 max=64 step=8 default=8 value=8 flags=slider
                   roi_exposure 0x009a0926 (int)    : min=0 max=65535 step=1 default=32896 value=32896 flags=slider
               external_trigger 0x009a092a (bool)   : default=0 value=0
                         strobe 0x009a092b (bool)   : default=0 value=0
                        denoise 0x009a092e (int)    : min=0 max=15 step=1 default=8 value=8 flags=slider
          exposure_compensation 0x009a0932 (int)    : min=8000 max=1000000 step=1 default=16000 value=16000 flags=slider
                    bypass_mode 0x009a2064 (intmenu): min=0 max=1 default=0 value=0 (0 0x0)
				0: 0 (0x0)
				1: 1 (0x1)
                override_enable 0x009a2065 (intmenu): min=0 max=1 default=0 value=0 (0 0x0)
				0: 0 (0x0)
				1: 1 (0x1)
                   height_align 0x009a2066 (int)    : min=1 max=16 step=1 default=1 value=1
                     size_align 0x009a2067 (intmenu): min=0 max=2 default=0 value=0 (1 0x1)
				0: 1 (0x1)
				1: 65536 (0x10000)
				2: 131072 (0x20000)
       sensor_signal_properties 0x009a2069 (u32)    : min=0 max=4294967295 step=1 default=0 dims=[30][18] flags=read-only, has-payload
        sensor_image_properties 0x009a206a (u32)    : min=0 max=4294967295 step=1 default=0 dims=[30][16] flags=read-only, has-payload
      sensor_control_properties 0x009a206b (u32)    : min=0 max=4294967295 step=1 default=0 dims=[30][36] flags=read-only, has-payload
              sensor_dv_timings 0x009a206c (u32)    : min=0 max=4294967295 step=1 default=0 dims=[30][16] flags=read-only, has-payload
               low_latency_mode 0x009a206d (bool)   : default=0 value=0
               preferred_stride 0x009a206e (int)    : min=0 max=65535 step=1 default=0 value=0
    override_capture_timeout_ms 0x009a206f (int)    : min=-1 max=2147483647 step=1 default=2500 value=2500
                   sensor_modes 0x009a2082 (int)    : min=0 max=30 step=1 default=30 value=4 flags=read-only
